<?xml version="1.0" encoding="UTF-8"?>
<robot generator="Robot 3.2.1 (Python 3.8.3 on win32)" generated="20200617 08:43:30.218" rpa="false">
<suite id="s1" name="Chase" source="C:\Development\Robot-Scripts\chase\tests\chase.robot">
<test id="s1-t1" name="User must sign in to the check out">
<kw name="Open Browser" library="SeleniumLibrary">
<doc>Opens a new browser instance to the optional ``url``.</doc>
<arguments>
<arg>http://www.chase.com</arg>
<arg>chrome</arg>
</arguments>
<msg timestamp="20200617 08:43:30.720" level="INFO">Opening browser 'chrome' to base url 'http://www.chase.com'.</msg>
<status status="PASS" starttime="20200617 08:43:30.720" endtime="20200617 08:43:39.193"></status>
</kw>
<kw name="Sleep" library="BuiltIn">
<doc>Pauses the test executed for the given time.</doc>
<arguments>
<arg>3s</arg>
</arguments>
<msg timestamp="20200617 08:43:42.196" level="INFO">Slept 3 seconds</msg>
<status status="PASS" starttime="20200617 08:43:39.194" endtime="20200617 08:43:42.196"></status>
</kw>
<kw name="Click Link" library="SeleniumLibrary">
<doc>Clicks a link identified by ``locator``.</doc>
<arguments>
<arg>css=#skip-sidemenu</arg>
</arguments>
<msg timestamp="20200617 08:43:42.204" level="INFO">Clicking link 'css=#skip-sidemenu'.</msg>
<status status="PASS" starttime="20200617 08:43:42.204" endtime="20200617 08:43:43.873"></status>
</kw>
<kw name="Sleep" library="BuiltIn">
<doc>Pauses the test executed for the given time.</doc>
<arguments>
<arg>3s</arg>
</arguments>
<msg timestamp="20200617 08:43:46.927" level="INFO">Slept 3 seconds</msg>
<status status="PASS" starttime="20200617 08:43:43.926" endtime="20200617 08:43:46.927"></status>
</kw>
<kw name="Click Link" library="SeleniumLibrary">
<doc>Clicks a link identified by ``locator``.</doc>
<arguments>
<arg>css=#side-menu-header &gt; div:nth-child(5) &gt; div.sidemenu__prim &gt; ul &gt; li:nth-child(1) &gt; a</arg>
</arguments>
<msg timestamp="20200617 08:43:46.929" level="INFO">Clicking link 'css=#side-menu-header &gt; div:nth-child(5) &gt; div.sidemenu__prim &gt; ul &gt; li:nth-child(1) &gt; a'.</msg>
<status status="PASS" starttime="20200617 08:43:46.929" endtime="20200617 08:43:51.144"></status>
</kw>
<kw name="Sleep" library="BuiltIn">
<doc>Pauses the test executed for the given time.</doc>
<arguments>
<arg>3s</arg>
</arguments>
<msg timestamp="20200617 08:43:54.179" level="INFO">Slept 3 seconds</msg>
<status status="PASS" starttime="20200617 08:43:51.177" endtime="20200617 08:43:54.179"></status>
</kw>
<kw name="Click Link" library="SeleniumLibrary">
<doc>Clicks a link identified by ``locator``.</doc>
<arguments>
<arg>css=#SubHeaderOriginal &gt; ul &gt; li.sub-header__nav--item.active &gt; a</arg>
</arguments>
<msg timestamp="20200617 08:43:54.182" level="INFO">Clicking link 'css=#SubHeaderOriginal &gt; ul &gt; li.sub-header__nav--item.active &gt; a'.</msg>
<status status="PASS" starttime="20200617 08:43:54.182" endtime="20200617 08:43:54.368"></status>
</kw>
<kw name="Sleep" library="BuiltIn">
<doc>Pauses the test executed for the given time.</doc>
<arguments>
<arg>3s</arg>
</arguments>
<msg timestamp="20200617 08:43:57.382" level="INFO">Slept 3 seconds</msg>
<status status="PASS" starttime="20200617 08:43:54.380" endtime="20200617 08:43:57.382"></status>
</kw>
<kw name="Click Link" library="SeleniumLibrary">
<doc>Clicks a link identified by ``locator``.</doc>
<arguments>
<arg>css=#popular &gt; div:nth-child(2) &gt; div &gt; div &gt; div &gt; div.colctrl-section__2colcontainer--two.col-xs-12.col-sm-6.col-lg-6 &gt; div &gt; div &gt; div &gt; div &gt; div &gt; ul &gt; li:nth-child(8) &gt; a</arg>
</arguments>
<msg timestamp="20200617 08:43:57.384" level="INFO">Clicking link 'css=#popular &gt; div:nth-child(2) &gt; div &gt; div &gt; div &gt; div.colctrl-section__2colcontainer--two.col-xs-12.col-sm-6.col-lg-6 &gt; div &gt; div &gt; div &gt; div &gt; div &gt; ul &gt; li:nth-child(8) &gt; a'.</msg>
<status status="PASS" starttime="20200617 08:43:57.384" endtime="20200617 08:43:59.101"></status>
</kw>
<kw name="Sleep" library="BuiltIn">
<doc>Pauses the test executed for the given time.</doc>
<arguments>
<arg>3s</arg>
</arguments>
<msg timestamp="20200617 08:44:02.267" level="INFO">Slept 3 seconds</msg>
<status status="PASS" starttime="20200617 08:43:59.254" endtime="20200617 08:44:02.268"></status>
</kw>
<kw name="Input Text" library="SeleniumLibrary">
<doc>Types the given ``text`` into the text field identified by ``locator``.</doc>
<arguments>
<arg>class=search-results--search__bar--search-input</arg>
<arg>Apply</arg>
</arguments>
<msg timestamp="20200617 08:44:02.299" level="INFO">Typing text 'Apply' into text field 'class=search-results--search__bar--search-input'.</msg>
<status status="PASS" starttime="20200617 08:44:02.298" endtime="20200617 08:44:03.226"></status>
</kw>
<kw name="Sleep" library="BuiltIn">
<doc>Pauses the test executed for the given time.</doc>
<arguments>
<arg>3s</arg>
</arguments>
<msg timestamp="20200617 08:44:06.234" level="INFO">Slept 3 seconds</msg>
<status status="PASS" starttime="20200617 08:44:03.232" endtime="20200617 08:44:06.234"></status>
</kw>
<kw name="Click Element" library="SeleniumLibrary">
<doc>Click the element identified by ``locator``.</doc>
<arguments>
<arg>xpath=//*[@id="Module0"]/section/section[1]/div[4]/div/div/a</arg>
</arguments>
<msg timestamp="20200617 08:44:06.235" level="INFO">Clicking element 'xpath=//*[@id="Module0"]/section/section[1]/div[4]/div/div/a'.</msg>
<status status="PASS" starttime="20200617 08:44:06.235" endtime="20200617 08:44:07.041"></status>
</kw>
<kw name="Sleep" library="BuiltIn">
<doc>Pauses the test executed for the given time.</doc>
<arguments>
<arg>5s</arg>
</arguments>
<msg timestamp="20200617 08:44:12.048" level="INFO">Slept 5 seconds</msg>
<status status="PASS" starttime="20200617 08:44:07.046" endtime="20200617 08:44:12.048"></status>
</kw>
<kw name="Click Link" library="SeleniumLibrary">
<doc>Clicks a link identified by ``locator``.</doc>
<arguments>
<arg>css=body &gt; div &gt; div.header &gt; header &gt; div.header__inner.row &gt; div.header__section.header__section--center.col-xs-6.col-sm-4 &gt; a</arg>
</arguments>
<msg timestamp="20200617 08:44:12.048" level="INFO">Clicking link 'css=body &gt; div &gt; div.header &gt; header &gt; div.header__inner.row &gt; div.header__section.header__section--center.col-xs-6.col-sm-4 &gt; a'.</msg>
<status status="PASS" starttime="20200617 08:44:12.048" endtime="20200617 08:44:12.454"></status>
</kw>
<kw name="Click Link" library="SeleniumLibrary">
<doc>Clicks a link identified by ``locator``.</doc>
<arguments>
<arg>css=#skip-sidemenu</arg>
</arguments>
<msg timestamp="20200617 08:44:12.463" level="INFO">Clicking link 'css=#skip-sidemenu'.</msg>
<status status="PASS" starttime="20200617 08:44:12.463" endtime="20200617 08:44:13.055"></status>
</kw>
<kw name="Click Link" library="SeleniumLibrary">
<doc>Clicks a link identified by ``locator``.</doc>
<arguments>
<arg>css=#side-menu-header &gt; div:nth-child(5) &gt; div.sidemenu__prim &gt; ul &gt; li:nth-child(2) &gt; a</arg>
</arguments>
<msg timestamp="20200617 08:44:13.065" level="INFO">Clicking link 'css=#side-menu-header &gt; div:nth-child(5) &gt; div.sidemenu__prim &gt; ul &gt; li:nth-child(2) &gt; a'.</msg>
<status status="PASS" starttime="20200617 08:44:13.065" endtime="20200617 08:44:13.797"></status>
</kw>
<kw name="Switch Window" library="SeleniumLibrary">
<doc>Switches to browser window matching ``locator``.</doc>
<arguments>
<arg>locator=New</arg>
</arguments>
<status status="PASS" starttime="20200617 08:44:13.799" endtime="20200617 08:44:13.916"></status>
</kw>
<kw name="Sleep" library="BuiltIn">
<doc>Pauses the test executed for the given time.</doc>
<arguments>
<arg>3s</arg>
</arguments>
<msg timestamp="20200617 08:44:16.938" level="INFO">Slept 3 seconds</msg>
<status status="PASS" starttime="20200617 08:44:13.937" endtime="20200617 08:44:16.938"></status>
</kw>
<kw name="Input Text" library="SeleniumLibrary">
<doc>Types the given ``text`` into the text field identified by ``locator``.</doc>
<arguments>
<arg>id=comment_box</arg>
<arg>This is a test</arg>
</arguments>
<msg timestamp="20200617 08:44:16.955" level="INFO">Typing text 'This is a test' into text field 'id=comment_box'.</msg>
<status status="PASS" starttime="20200617 08:44:16.954" endtime="20200617 08:44:17.784"></status>
</kw>
<kw name="Sleep" library="BuiltIn">
<doc>Pauses the test executed for the given time.</doc>
<arguments>
<arg>3s</arg>
</arguments>
<msg timestamp="20200617 08:44:20.790" level="INFO">Slept 3 seconds</msg>
<status status="PASS" starttime="20200617 08:44:17.788" endtime="20200617 08:44:20.790"></status>
</kw>
<kw name="Click Element" library="SeleniumLibrary">
<doc>Click the element identified by ``locator``.</doc>
<arguments>
<arg>xpath=//*[@id="rater_buttons"]/div[3]/label</arg>
</arguments>
<msg timestamp="20200617 08:44:20.792" level="INFO">Clicking element 'xpath=//*[@id="rater_buttons"]/div[3]/label'.</msg>
<status status="PASS" starttime="20200617 08:44:20.791" endtime="20200617 08:44:20.901"></status>
</kw>
<doc>This is some basic info about the test</doc>
<tags>
<tag>Smoke</tag>
</tags>
<status status="PASS" starttime="20200617 08:43:30.719" endtime="20200617 08:44:20.901" critical="yes"></status>
</test>
<doc>This is some basic info about the Whole suite</doc>
<status status="PASS" starttime="20200617 08:43:30.226" endtime="20200617 08:44:20.903"></status>
</suite>
<statistics>
<total>
<stat pass="1" fail="0">Critical Tests</stat>
<stat pass="1" fail="0">All Tests</stat>
</total>
<tag>
<stat pass="1" fail="0">Smoke</stat>
</tag>
<suite>
<stat pass="1" fail="0" id="s1" name="Chase">Chase</stat>
</suite>
</statistics>
<errors>
<msg timestamp="20200617 08:43:30.207" level="ERROR">Error in file 'C:\Development\Robot-Scripts\chase\tests\chase.robot' on line 6: Invalid variable name 'Documentation'.</msg>
<msg timestamp="20200617 08:43:30.208" level="ERROR">Error in file 'C:\Development\Robot-Scripts\chase\tests\chase.robot' on line 7: Invalid variable name 'Library'.</msg>
</errors>
</robot>
