<?xml version="1.0" encoding="UTF-8"?>
<robot generator="Robot 3.2.1 (Python 3.8.3 on win32)" generated="20200617 09:23:01.883" rpa="false">
<suite id="s1" name="Amazon" source="C:\Development\Robot-Scripts\amazon\tests\amazon.robot">
<test id="s1-t1" name="User must sign in to the check out">
<kw name="Open Browser" library="SeleniumLibrary">
<doc>Opens a new browser instance to the optional ``url``.</doc>
<arguments>
<arg>http://www.amazon.com</arg>
<arg>chrome</arg>
</arguments>
<msg timestamp="20200617 09:23:02.262" level="INFO">Opening browser 'chrome' to base url 'http://www.amazon.com'.</msg>
<status status="PASS" starttime="20200617 09:23:02.262" endtime="20200617 09:23:11.239"></status>
</kw>
<kw name="Wait Until Page Contains" library="SeleniumLibrary">
<doc>Waits until ``text`` appears on the current page.</doc>
<arguments>
<arg>Hello, Sign in</arg>
</arguments>
<status status="PASS" starttime="20200617 09:23:11.240" endtime="20200617 09:23:12.261"></status>
</kw>
<kw name="Input Text" library="SeleniumLibrary">
<doc>Types the given ``text`` into the text field identified by ``locator``.</doc>
<arguments>
<arg>id=twotabsearchtextbox</arg>
<arg>Appium book</arg>
</arguments>
<msg timestamp="20200617 09:23:12.281" level="INFO">Typing text 'Appium book' into text field 'id=twotabsearchtextbox'.</msg>
<status status="PASS" starttime="20200617 09:23:12.280" endtime="20200617 09:23:19.153"></status>
</kw>
<kw name="Click Button" library="SeleniumLibrary">
<doc>Clicks the button identified by ``locator``.</doc>
<arguments>
<arg>css=#nav-search &gt; form &gt; div.nav-right &gt; div &gt; input</arg>
</arguments>
<msg timestamp="20200617 09:23:19.257" level="INFO">Clicking button 'css=#nav-search &gt; form &gt; div.nav-right &gt; div &gt; input'.</msg>
<status status="PASS" starttime="20200617 09:23:19.256" endtime="20200617 09:23:24.229"></status>
</kw>
<kw name="Wait Until Page Contains" library="SeleniumLibrary">
<doc>Waits until ``text`` appears on the current page.</doc>
<arguments>
<arg>results for "Appium book"</arg>
</arguments>
<status status="PASS" starttime="20200617 09:23:24.231" endtime="20200617 09:23:24.385"></status>
</kw>
<kw name="Sleep" library="BuiltIn">
<doc>Pauses the test executed for the given time.</doc>
<arguments>
<arg>3s</arg>
</arguments>
<msg timestamp="20200617 09:23:27.390" level="INFO">Slept 3 seconds</msg>
<status status="PASS" starttime="20200617 09:23:24.389" endtime="20200617 09:23:27.390"></status>
</kw>
<kw name="Click Link" library="SeleniumLibrary">
<doc>Clicks a link identified by ``locator``.</doc>
<arguments>
<arg>css=#search &gt; div.s-desktop-width-max.s-desktop-content.sg-row &gt; div.sg-col-20-of-24.sg-col-28-of-32.sg-col-16-of-20.sg-col.sg-col-32-of-36.sg-col-8-of-12.sg-col-12-of-16.sg-col-24-of-28 &gt; div &gt; span:nth-child(4) &gt; div.s-main-slot.s-result-list.s-search-results.sg-row &gt; div:nth-child(4) &gt; div &gt; span &gt; div &gt; div &gt; div:nth-child(2) &gt; div.sg-col-4-of-12.sg-col-8-of-16.sg-col-16-of-24.sg-col-12-of-20.sg-col-24-of-32.sg-col.sg-col-28-of-36.sg-col-20-of-28 &gt; div &gt; div:nth-child(1) &gt; div &gt; div &gt; div:nth-child(1) &gt; h2 &gt; a</arg>
</arguments>
<msg timestamp="20200617 09:23:27.393" level="INFO">Clicking link 'css=#search &gt; div.s-desktop-width-max.s-desktop-content.sg-row &gt; div.sg-col-20-of-24.sg-col-28-of-32.sg-col-16-of-20.sg-col.sg-col-32-of-36.sg-col-8-of-12.sg-col-12-of-16.sg-col-24-of-28 &gt; div &gt; span:nth-child(4) &gt; div.s-main-slot.s-result-list.s-search-results.sg-row &gt; div:nth-child(4) &gt; div &gt; span &gt; div &gt; div &gt; div:nth-child(2) &gt; div.sg-col-4-of-12.sg-col-8-of-16.sg-col-16-of-24.sg-col-12-of-20.sg-col-24-of-32.sg-col.sg-col-28-of-36.sg-col-20-of-28 &gt; div &gt; div:nth-child(1) &gt; div &gt; div &gt; div:nth-child(1) &gt; h2 &gt; a'.</msg>
<status status="PASS" starttime="20200617 09:23:27.392" endtime="20200617 09:23:31.752"></status>
</kw>
<kw name="Sleep" library="BuiltIn">
<doc>Pauses the test executed for the given time.</doc>
<arguments>
<arg>3s</arg>
</arguments>
<msg timestamp="20200617 09:23:34.765" level="INFO">Slept 3 seconds</msg>
<status status="PASS" starttime="20200617 09:23:31.763" endtime="20200617 09:23:34.765"></status>
</kw>
<kw name="Click Button" library="SeleniumLibrary">
<doc>Clicks the button identified by ``locator``.</doc>
<arguments>
<arg>css=#add-to-cart-button-ubb</arg>
</arguments>
<msg timestamp="20200617 09:23:34.792" level="INFO">Clicking button 'css=#add-to-cart-button-ubb'.</msg>
<kw name="Capture Page Screenshot" library="SeleniumLibrary">
<doc>Takes a screenshot of the current page and embeds it into a log file.</doc>
<msg timestamp="20200617 09:23:35.946" level="INFO" html="yes">&lt;/td&gt;&lt;/tr&gt;&lt;tr&gt;&lt;td colspan="3"&gt;&lt;a href="selenium-screenshot-29.png"&gt;&lt;img src="selenium-screenshot-29.png" width="800px"&gt;&lt;/a&gt;</msg>
<status status="PASS" starttime="20200617 09:23:35.352" endtime="20200617 09:23:35.946"></status>
</kw>
<msg timestamp="20200617 09:23:35.960" level="FAIL">Button with locator 'css=#add-to-cart-button-ubb' not found.</msg>
<status status="FAIL" starttime="20200617 09:23:34.791" endtime="20200617 09:23:35.960"></status>
</kw>
<doc>This is some basic info about the test</doc>
<tags>
<tag>Smoke</tag>
</tags>
<status status="FAIL" starttime="20200617 09:23:02.261" endtime="20200617 09:23:35.965" critical="yes">Button with locator 'css=#add-to-cart-button-ubb' not found.</status>
</test>
<doc>Test Amazon website</doc>
<status status="FAIL" starttime="20200617 09:23:01.891" endtime="20200617 09:23:35.968"></status>
</suite>
<statistics>
<total>
<stat pass="0" fail="1">Critical Tests</stat>
<stat pass="0" fail="1">All Tests</stat>
</total>
<tag>
<stat pass="0" fail="1">Smoke</stat>
</tag>
<suite>
<stat pass="0" fail="1" id="s1" name="Amazon">Amazon</stat>
</suite>
</statistics>
<errors>
<msg timestamp="20200617 09:23:01.874" level="ERROR">Error in file 'C:\Development\Robot-Scripts\amazon\tests\amazon.robot' on line 6: Invalid variable name 'Documentation'.</msg>
<msg timestamp="20200617 09:23:01.874" level="ERROR">Error in file 'C:\Development\Robot-Scripts\amazon\tests\amazon.robot' on line 7: Invalid variable name 'Library'.</msg>
</errors>
</robot>
